2026-04-06 19:00:26,396 - INFO - url: https://gh-proxy.com/raw.githubusercontent.com/FGBLH/FG/refs/heads/main/%E6%B8%AF%E5%8F%B0%E5%A4%A7%E9%99%86 成功，判断为txt格式
2026-04-06 19:00:26,400 - INFO - url: https://gh-proxy.com/raw.githubusercontent.com/FGBLH/FG/refs/heads/main/%E6%B8%AF%E5%8F%B0%E5%A4%A7%E9%99%86 成功，包含频道分类: 港台频道, 新聞频道, youtube台湾(梯子), 电影频道, 大陆频道, 少儿频道, 地方频道, 广东频道, 18+频道(免翻), 18+私密频道(梯子), 国外18+频道(梯子), 国外18+频道motv系列
2026-04-06 19:00:26,565 - INFO - url: https://gh-proxy.com/raw.githubusercontent.com/alenin-zhang/IPTV/master/lenin.txt 成功，判断为txt格式
2026-04-06 19:00:26,573 - INFO - url: https://gh-proxy.com/raw.githubusercontent.com/alenin-zhang/IPTV/master/lenin.txt 成功，包含频道分类: 4K, CCTV, 大陆卫视, 香港频道, 台湾频道, 国际频道, 财经频道, 纪实频道, 影视频道, 音乐频道, 时装频道, 宗教频道, 体育频道, 广播频道, 浙江频道, 风云港澳, 测试频道
2026-04-06 19:00:26,682 - INFO - url: https://gh-proxy.com/raw.githubusercontent.com/alantang1977/iptv_api/refs/heads/main/output/live_ipv4.txt 成功，判断为txt格式
2026-04-06 19:00:26,699 - INFO - url: https://gh-proxy.com/raw.githubusercontent.com/alantang1977/iptv_api/refs/heads/main/output/live_ipv4.txt 成功，包含频道分类: 更新日期, 📺┃广东频道, 🍓┃湾区频道, 📠┃央视频道, 🐻┃卫视频道, 🐶┃咪咕频道, 🐟┃少儿频道, 🐶┃影视频道
2026-04-06 19:00:26,914 - INFO - url: http://iptv.4666888.xyz/FYTV.txt 成功，判断为txt格式
2026-04-06 19:00:26,914 - INFO - url: http://iptv.4666888.xyz/FYTV.txt 成功，包含频道分类: 風雲試看央衛頻道, 風雲試看體育頻道, 風雲試看港澳頻道, 風雲試看臺灣頻道
2026-04-06 19:00:26,915 - ERROR - url:  失败❌, Error: Invalid URL '': No scheme supplied. Perhaps you meant https://?
2026-04-06 19:00:27,014 - INFO - url: https://gh-proxy.com/https://raw.githubusercontent.com/Jsnzkpg/Jsnzkpg/Jsnzkpg/Jsnzkpg1 成功，判断为txt格式
2026-04-06 19:00:27,022 - INFO - url: https://gh-proxy.com/https://raw.githubusercontent.com/Jsnzkpg/Jsnzkpg/Jsnzkpg/Jsnzkpg1 成功，包含频道分类: ✈️TG频道@stymei1, 🔥[A三网]央卫视直播, 🔥[B三网]央卫视直播, 🔥[酒店源]央卫视直播, 🔥[电信]央卫视直播, 🔥[移动]央卫视直播, 🔥[联通]央卫视直播, 🔥[广电]央卫视直播, 💧[三网]地方台直播, 🔮[三网]港澳台直播, 🇻🇳[三网]越南台直播, 🌏[三网]全球台直播, 👶🏻少儿直播, 🏀体育直播, 🎞️电影直播, 📽️综艺直播, 📺电视剧直播, 💽纪录片直播, 🎮游戏直播, 🎧音乐直播, 🎎动漫直播, 🍿短剧直播, 🧨小品直播, 🎚️相声直播, 📚听书直播, 👴🏻老年直播, 🔊解说直播, 👁️‍🗨️监控直播, 🎙️抖音直播, 🤟🏻YY直播, 💖爱奇艺直播, 🎨埋堆堆直播, 🏀蜘蛛直播, 🏀zuqiu直播, 🏀[三网]咪视界直播, 🏀[移动]咪视界直播, 🏀[移动]BestTV直播, 🛸[三网]NewTV直播, 🛸[移动]NewTV直播, 👠KK直播, 👠九秀直播, 👠齐齐直播, 🧘🏻‍♀️瑜伽裤直播, 👙模特直播, 💋车模直播, 💄女团直播, 💃🏻热舞直播, 🎣钓鱼直播, ⛺露营直播, 🚴户外直播, 🌲乡野直播, 🗣️脱口秀直播, 🤣沙雕动画直播, 🥥海南移动直播, 🔧rtmp格式测试, 🎰API随机点播, 🎤周杰伦歌曲点播, 🎹歌手合集点播
2026-04-06 19:00:27,135 - INFO - url: https://raw.githubusercontent.com/fafa002/yf2025/refs/heads/main/yiyifafa.txt 成功，判断为txt格式
2026-04-06 19:00:27,160 - INFO - url: https://raw.githubusercontent.com/fafa002/yf2025/refs/heads/main/yiyifafa.txt 成功，包含频道分类: 抖音K歌, 清风DJ, 欧美music, 加入易發群, 极速港台, 极速港台2, 极速NOW, 极速风云, 极速8885, 四季台湾, 四季台湾2, 国外UK1, 国外UK2, 国外UK3, 抖音直播, 广东本地, 广东荔枝网, 广东酒店, 东莞酒店, 揭阳IPTV, 深圳天威, 海南移动, 广东电信(内网), 广东联通(内网), 广东移动(内网), 咪咕央视, 咪咕央视2, 咪咕体育, 咪咕体育2, 咪咕体育3, 贵州电信, 广州秒开, 江西秒开, 央视频, 央视频2, 央视频5, 内蒙古移动, 歌华有线, 江苏有线, 贵州JD, 广西iptv, 福建iptv, 汕头JD, 东莞JD, 蜀小果, 虎牙轮播, 斗鱼轮播, YY轮播, 韩国女团, 随机点播, 音乐电台, 2025韩剧, 私密频道_169169, 私密频道2_169169
2026-04-06 19:00:27,301 - INFO - url: https://raw.githubusercontent.com/zxmlxw520/5566/refs/heads/main/cjdszb.txt 成功，判断为txt格式
2026-04-06 19:00:27,332 - INFO - url: https://raw.githubusercontent.com/zxmlxw520/5566/refs/heads/main/cjdszb.txt 成功，包含频道分类: 03.28马年大吉, 💥热门定制, 🚀港澳台频, 🚀港澳风云, 🇨🇳CCTV频道, 🇨🇳CCTV频道2, 📺央卫备用, 📺央卫备用2, 📺四川频道, 📺河南河北, 📺吉林频道, 📺黑龙江频, 📺山东山西, 📺陕西频道, 📺湖北频道, 📺湖南频道, 📺江苏频道, 📺浙江频道, 📺重庆贵州, 📺安徽江西, 📺广东频道, 📺海南频道, 🎪内蒙古, 📺广西频道, 📺新疆频道, 📺上海频道, 📺辽宁频道, 📺甘肃频道, 📡其他地方, 🇰🇷韩国频道, 🇯🇵日本频道, 🇺🇸美国频道, 🗽国外频道, 📺中国风景, 🎬视剧轮播, 🔥经典轮播, 📽直播频道, 🎬综艺频道, 🍁短剧系列, 🎬追电视剧, 🎬电影合集, 💃广场舞频, 🎭戏曲频道, 👨‍👩‍👦‍👦经典小品, 🐬少儿动漫, 🥇体育频道, 🎮游戏频道, 💥历年春晚, 📻广播电台, 🎸演唱会场, 🎼 音乐MV, 🎸DJ舞曲, 🎵MP3合集, 🌸女团频道, 🌸攒劲节目
2026-04-06 19:00:27,382 - INFO - url: https://raw.githubusercontent.com/suxuang/myIPTV/main/ipv4.m3u 成功，判断为m3u格式
2026-04-06 19:00:27,385 - INFO - url: https://raw.githubusercontent.com/suxuang/myIPTV/main/ipv4.m3u 成功，包含频道分类: 4K频道, 央视频道, 央视高清, 咪咕央视, 卫视频道, 备用频道, 移动IPTV, 数字频道, APTV专享, APTV专享" catchup="append" catchup-source="?playseek=${(b)yyyyMMddHHmmss}-${(e)yyyyMMddHHmmss}, APTV专享" tvg-logo="https://gcore.jsdelivr.net/gh/taksssss/tv/icon/北京纪实科教.png, 港澳代理, 港澳台频道, IHOT频道, NewTV频道, 咪咕赛事, 动画频道, 虎牙影视, 斗鱼影视, 电视剧频道, 埋堆堆频道, 点播电影, ☘️北京频道, ☘️上海频道, ☘️浙江频道, ☘️湖南频道, ☘️四川频道, ☘️辽宁频道, ☘️广东频道, ☘️江苏频道, ☘️河南频道, ☘️河北频道, ☘️陕西频道, ☘️安徽频道, ☘️湖北频道, ☘️福建频道, ☘️海南频道, ☘️黑龙江频道, ☘️内蒙古频道, 地方频道, 春晚频道, 国际频道
2026-04-06 19:00:27,797 - ERROR - url: https://itv.aptv.app/china-iptv/zgyd.m3u 失败❌, Error: 404 Client Error: Not Found for url: https://itv.aptv.app/china-iptv/zgyd.m3u
2026-04-06 19:00:27,890 - INFO - url: https://raw.githubusercontent.com/mymsnn/DailyIPTV/main/outputs/full_validated.m3u 成功，判断为m3u格式
2026-04-06 19:00:27,892 - INFO - url: https://raw.githubusercontent.com/mymsnn/DailyIPTV/main/outputs/full_validated.m3u 成功，包含频道分类: 浙江频道, 更新时间, 4K频道, 央视频道, 央视高清, 卫视频道, 备用频道, 移动IPTV, 数字频道, 港澳代理, 港澳台频道, 动画频道, 点播电影, ☘️北京频道, ☘️上海频道, ☘️浙江频道, ☘️四川频道, ☘️辽宁频道, ☘️广东频道, ☘️江苏频道, ☘️河南频道, ☘️河北频道, ☘️陕西频道, ☘️湖北频道, ☘️福建频道, ☘️海南频道, ☘️黑龙江频道, 地方频道, 春晚频道, 国际频道, 电影频道, 儿童频道, 纪录频道, 体育频道, 音乐频道, 直播中国
2026-04-06 19:00:27,973 - INFO - url: https://raw.githubusercontent.com/FGBLH/FG/refs/heads/main/港台大陆无18内容 成功，判断为txt格式
2026-04-06 19:00:27,976 - INFO - url: https://raw.githubusercontent.com/FGBLH/FG/refs/heads/main/港台大陆无18内容 成功，包含频道分类: 港台频道, 新聞频道, youtube台湾(梯子), 电影频道, 央卫频道, 少儿频道, 地方频道, 广东频道
2026-04-06 19:00:31,682 - ERROR - url: https://d.kstore.dev/download/15114/gztv.txt 失败❌, Error: HTTPSConnectionPool(host='d.kstore.dev', port=443): Max retries exceeded with url: /download/15114/gztv.txt (Caused by SSLError(SSLEOFError(8, '[SSL: UNEXPECTED_EOF_WHILE_READING] EOF occurred in violation of protocol (_ssl.c:1017)')))
2026-04-06 19:00:42,410 - ERROR - url: http://iptv.cqshushu.com/jiekou.php?jk=txt&token=a438a27a9ab11996f4a8f848146f2733 失败❌, Error: 401 Client Error: Unauthorized for url: https://iptv.cqshushu.com/jiekou.php?jk=txt&token=a438a27a9ab11996f4a8f848146f2733
2026-04-06 19:02:57,826 - ERROR - url: https://115.190.105.236/vip/qwt.m3u 失败❌, Error: HTTPSConnectionPool(host='115.190.105.236', port=443): Max retries exceeded with url: /vip/qwt.m3u (Caused by ConnectTimeoutError(<HTTPSConnection(host='115.190.105.236', port=443) at 0x7f968e42a080>, 'Connection to 115.190.105.236 timed out. (connect timeout=None)'))
2026-04-06 19:05:12,994 - ERROR - url: https://115.190.105.236/vip/vip.m3u 失败❌, Error: HTTPSConnectionPool(host='115.190.105.236', port=443): Max retries exceeded with url: /vip/vip.m3u (Caused by ConnectTimeoutError(<HTTPSConnection(host='115.190.105.236', port=443) at 0x7f968e42a8c0>, 'Connection to 115.190.105.236 timed out. (connect timeout=None)'))
2026-04-06 19:05:13,077 - ERROR - url: https://live.catvod.com/mq.php?catvod.com=m3u 失败❌, Error: 403 Client Error: Forbidden for url: https://live.catvod.com/mq.php?catvod.com=m3u
2026-04-06 19:05:13,654 - ERROR - url: http://is.is-great.org/i/9892017.txt 失败❌, Error: 404 Client Error: Not Found for url: http://is.is-great.org/i/9892017.txt
2026-04-06 19:06:47,775 - ERROR - url: https://gitee.com/buzhenglin2025/tv/raw/master/HKTV.m3u 失败❌, Error: 504 Server Error: Gateway Time-out for url: https://gitee.com/buzhenglin2025/tv/raw/master/HKTV.m3u
2026-04-06 19:06:48,538 - ERROR - url: https://cloud.7so.top/f/xv80ux/天浪.txt 失败❌, Error: 403 Client Error: Forbidden for url: https://365-js.7so.top/personal/00F23BB7006EBE89/_layouts/15/download.aspx?UniqueId=51c449b8-c11b-4d00-8830-26c0d8885bf4&Translate=false&tempauth=v1e.eyJzaXRlaWQiOiIyZWE4MWVjZC1hMWM5LTQ5OWYtYWUxNC1hZDE0ZjgzYjFiMzciLCJhcHBfZGlzcGxheW5hbWUiOiI0IiwiYXBwaWQiOiJhMjAxNTU2Zi1iZDI5LTRmMzktODIzNS1kMjYyZWE3OWVhNDQiLCJhdWQiOiIwMDAwMDAwMy0wMDAwLTBmZjEtY2UwMC0wMDAwMDAwMDAwMDAvbXkubWljcm9zb2Z0cGVyc29uYWxjb250ZW50LmNvbUA5MTg4MDQwZC02YzY3LTRjNWItYjExMi0zNmEzMDRiNjZkYWQiLCJleHAiOiIxNzc1NDc3MTM2In0.NMJNKK9Zwiy4I-nSuiB906atimxSuTg0F8LpnOBghLXwXZXtgdJQLckyaXW2rzCPZwMrsEu_rpq_741_qm0DGYSPT8JGj4jPj0FADSpS9a4IdK_PMSw6r5C6IdeMxl64y2IlLRKOlklwxLUQWk4sNDuSkQcYiWXToZhn-ZbvM9Zds0k8pZ2HTS822gT8-ojwCHLjm7ghMiSn1np2qVF6ztvpDvp1S7dnFByzOECeg4YY4uc_QntTGNVyjb4EBKH1Rkk2Sw7VU_o7A3Mu4fzM0Uc7kGuGnzWTbCndggOd8wgjA8Yu5x0BIO7TH7kGgt0_CkiLsVblGZqMa7Y1YrX-iKuFGx-BLC79Pd__tWSGq8GrnOvZerUOquDcg8cdPh22VDBNZBX9dPD6vW4Hulf7bnQ2r8tUTRuokx4F89JWZhP8njqVL9wI4c-vMOnT1RCN.xhpVUNjrwhSItWzvEgpkeWFVTruqgQIPPKcLlyRJWyA&ApiVersion=2.0
2026-04-06 19:06:48,803 - ERROR - url: https://cloud.7so.top/f/yr7BHL/HKTV.txt 失败❌, Error: 403 Client Error: Forbidden for url: https://365-js.7so.top/personal/00F23BB7006EBE89/_layouts/15/download.aspx?UniqueId=14a5a479-af15-4e30-bfd5-c83f505d35bf&Translate=false&tempauth=v1e.eyJzaXRlaWQiOiIyZWE4MWVjZC1hMWM5LTQ5OWYtYWUxNC1hZDE0ZjgzYjFiMzciLCJhcHBfZGlzcGxheW5hbWUiOiI0IiwiYXBwaWQiOiJhMjAxNTU2Zi1iZDI5LTRmMzktODIzNS1kMjYyZWE3OWVhNDQiLCJhdWQiOiIwMDAwMDAwMy0wMDAwLTBmZjEtY2UwMC0wMDAwMDAwMDAwMDAvbXkubWljcm9zb2Z0cGVyc29uYWxjb250ZW50LmNvbUA5MTg4MDQwZC02YzY3LTRjNWItYjExMi0zNmEzMDRiNjZkYWQiLCJleHAiOiIxNzc1NDc3MTQxIn0.nzVqTN0NdQH9hKQuKIPE2A1_lrYfBE_qOYz2TPkhLEl0dLzT0Q15hGjxEel1Hh5dPc2QcecFH0OMnCMmUnlIvZJUEJ3oBz9AUkfadEKWt2UK9-tfR6EFKQu4cNAyKNbdWFWROdoiRuglxdHbbqG9ChjarOc6SHa_KysdF4qV7IXWXdgcMCOfMNRhgW6nDv0eB6xgwnvpcyGv1pSCOH92ROELe8WAPo20WknTjJBtuFPOeotsAVfvW2FptlG719W9tIrKnNGpAoO_iEw30E133Gg1FmYJMmL7VTOsyKTKeKNq3EFrHDo7UVN1_Y9Szo1W17HWEbEKCnVeDuhVW4_B28z2DWL2Eio1QGKL95qYGzPpGfaXPeia2Ua0SVUfSg62po12f7s1ocdmru0AK7Mk3UrbcD2WRdYsSBdYMxZh7jURQcqjk8lNZzEfcVY30Gpn.pTzG_u-6ySCX66i87wFYlsN63wEygrplaOjUeqKRD_Y&ApiVersion=2.0
2026-04-06 19:08:20,455 - ERROR - url: https://gitee.com/main-stream/tv/raw/master/BOSS.json 失败❌, Error: 504 Server Error: Gateway Time-out for url: https://gitee.com/main-stream/tv/raw/master/BOSS.json
2026-04-06 19:08:20,551 - INFO - url: https://raw.githubusercontent.com/alantang1977/iptv-auto/refs/heads/main/my.txt 成功，判断为txt格式
2026-04-06 19:08:20,559 - INFO - url: https://raw.githubusercontent.com/alantang1977/iptv-auto/refs/heads/main/my.txt 成功，包含频道分类: 注意事项, 猫TV影视, NBA赛评, WCBA评, CBA赛评, 赛事精锦, 赛事咪咕, 央卫咪咕, 特新Pdtv, 欣赏频道, 网页音乐, 欣赏音乐, 闽南频测, 特区Mttv, 特马SXtv, 特闽Hktv, 特闽FYtv, 闽南4Gtv, 闽南回放, 特闽频晴, 央卫高码, 央卫频特, 特区频特, 闽南频特, 抖音网页, 荔枝网页, 虎牙频道, 爱奇频道, 特区地波, 广州电信, 童年频道, 亮剑全集, 雪豹全集, 凡人修仙, 华山论剑, Q-三国粤, 大时代粤, 流星花园, 还珠格格, 甄嬛传国, 大地恩情, 粤经典剧, 射雕英雄, 神雕侠侣, 视觉效果, 体育频特, 电影频特, 纪录频特, 新闻频特, 儿童频特, 新加频特, 马来频特, 印尼频特, 印度频特, 泰国频特, 英国频特, 越南频特, 韩国频特, 日本频特, 香港测试, 台湾测试
2026-04-06 19:08:21,138 - ERROR - url: http://gg.7749.org//i/ds.txt 失败❌, Error: ('Connection aborted.', RemoteDisconnected('Remote end closed connection without response'))
2026-04-06 19:08:27,609 - INFO - url: https://gitee.com/alexkw/app/raw/master/kgk.txt 成功，判断为txt格式
2026-04-06 19:08:27,611 - INFO - url: https://gitee.com/alexkw/app/raw/master/kgk.txt 成功，包含频道分类: 常用频道, 体育频道, 新闻频道, 香港电视台, 香港, TVOD频道, 电影频道, 猫TV港台源, 特闽电影, 广东&卫视, 广东电信, 特区酒店, 🚀P2P专区, 音乐电台, 日本频道, 临时, 妙妙频道, 推流
2026-04-06 19:08:32,062 - ERROR - url: https://d.kstore.dev/download/15114/HKTV.txt 失败❌, Error: HTTPSConnectionPool(host='d.kstore.dev', port=443): Max retries exceeded with url: /download/15114/HKTV.txt (Caused by SSLError(SSLEOFError(8, '[SSL: UNEXPECTED_EOF_WHILE_READING] EOF occurred in violation of protocol (_ssl.c:1017)')))
2026-04-06 19:08:32,450 - ERROR - url: http://go8.myartsonline.com/zx/0/TVBTV28.txt 失败❌, Error: 530 Server Error: Account Expired for url: http://go8.myartsonline.com/zx/0/TVBTV28.txt
2026-04-06 19:08:32,733 - ERROR - url: http://kkk.888.3116598.xyz/user/HKTV.txt 失败❌, Error: 404 Client Error: Not Found for url: http://kkk.888.3116598.xyz/user/HKTV.txt
2026-04-06 19:08:34,961 - ERROR - url: https://gitee.com/jin-xueling/lingl/raw/master/hu.txt 失败❌, Error: 423 Client Error: Locked for url: https://gitee.com/jin-xueling/lingl/raw/master/hu.txt
2026-04-06 19:08:34,994 - ERROR - url: https://live.kakaxi-1.ink/ipv4.txt 失败❌, Error: HTTPSConnectionPool(host='live.kakaxi-1.ink', port=443): Max retries exceeded with url: /ipv4.txt (Caused by NameResolutionError("HTTPSConnection(host='live.kakaxi-1.ink', port=443): Failed to resolve 'live.kakaxi-1.ink' ([Errno -2] Name or service not known)"))
2026-04-06 19:08:35,016 - ERROR - url: https://live.kakaxi-1.ink/ipv4.1.txt 失败❌, Error: HTTPSConnectionPool(host='live.kakaxi-1.ink', port=443): Max retries exceeded with url: /ipv4.1.txt (Caused by NameResolutionError("HTTPSConnection(host='live.kakaxi-1.ink', port=443): Failed to resolve 'live.kakaxi-1.ink' ([Errno -2] Name or service not known)"))
2026-04-06 19:08:35,083 - INFO - url: https://raw.githubusercontent.com/iodata999/frxz751113-IPTVzb1/refs/heads/main/结果.m3u 成功，判断为m3u格式
2026-04-06 19:08:35,086 - INFO - url: https://raw.githubusercontent.com/iodata999/frxz751113-IPTVzb1/refs/heads/main/结果.m3u 成功，包含频道分类: 港澳频道, 央视频道, 卫视频道, 影视频道, 4K频道, 地方频道
2026-04-06 19:08:35,154 - INFO - url: https://raw.githubusercontent.com/alantang1977/jtv/refs/heads/main/网络收集.txt 成功，判断为txt格式
2026-04-06 19:08:35,154 - INFO - url: https://raw.githubusercontent.com/alantang1977/jtv/refs/heads/main/网络收集.txt 成功，包含频道分类: 2026/04/06 11:49更新, 港澳A组, 港澳B组, 港澳C组, 港澳D组, 港澳E组
2026-04-06 19:08:45,169 - ERROR - url: https://bc.188766.xyz/?url=http://tv123.top:35455&mishitong=true&mima=bingchawusifengxian 失败❌, Error: HTTPSConnectionPool(host='bc.188766.xyz', port=443): Max retries exceeded with url: /?url=http://tv123.top:35455&mishitong=true&mima=bingchawusifengxian (Caused by NameResolutionError("HTTPSConnection(host='bc.188766.xyz', port=443): Failed to resolve 'bc.188766.xyz' ([Errno -3] Temporary failure in name resolution)"))
2026-04-06 19:08:45,255 - INFO - url: https://raw.githubusercontent.com/zxmlxw520/5566/refs/heads/main/cjdszb.txt 成功，判断为txt格式
2026-04-06 19:08:45,286 - INFO - url: https://raw.githubusercontent.com/zxmlxw520/5566/refs/heads/main/cjdszb.txt 成功，包含频道分类: 03.28马年大吉, 💥热门定制, 🚀港澳台频, 🚀港澳风云, 🇨🇳CCTV频道, 🇨🇳CCTV频道2, 📺央卫备用, 📺央卫备用2, 📺四川频道, 📺河南河北, 📺吉林频道, 📺黑龙江频, 📺山东山西, 📺陕西频道, 📺湖北频道, 📺湖南频道, 📺江苏频道, 📺浙江频道, 📺重庆贵州, 📺安徽江西, 📺广东频道, 📺海南频道, 🎪内蒙古, 📺广西频道, 📺新疆频道, 📺上海频道, 📺辽宁频道, 📺甘肃频道, 📡其他地方, 🇰🇷韩国频道, 🇯🇵日本频道, 🇺🇸美国频道, 🗽国外频道, 📺中国风景, 🎬视剧轮播, 🔥经典轮播, 📽直播频道, 🎬综艺频道, 🍁短剧系列, 🎬追电视剧, 🎬电影合集, 💃广场舞频, 🎭戏曲频道, 👨‍👩‍👦‍👦经典小品, 🐬少儿动漫, 🥇体育频道, 🎮游戏频道, 💥历年春晚, 📻广播电台, 🎸演唱会场, 🎼 音乐MV, 🎸DJ舞曲, 🎵MP3合集, 🌸女团频道, 🌸攒劲节目
2026-04-06 19:08:45,404 - INFO - url: https://raw.githubusercontent.com/zxmlxw520/5566/refs/heads/main/gqds+.txt 成功，判断为txt格式
2026-04-06 19:08:45,434 - INFO - url: https://raw.githubusercontent.com/zxmlxw520/5566/refs/heads/main/gqds+.txt 成功，包含频道分类: 祝大家马年大吉, 🚀港澳台频, 🚀港澳风云, 🇨🇳CCTV频道, 🇨🇳CCTV频道2, 📺央卫备用, 📺央卫备用2, 📺四川频道, 📺河南河北, 📺吉林频道, 📺黑龙江频, 📺山东山西, 📺陕西频道, 📺湖北频道, 📺湖南频道, 📺江苏频道, 📺浙江频道, 📺重庆贵州, 📺安徽江西, 📺广东频道, 📺海南频道, 🎪内蒙古, 📺广西频道, 📺新疆频道, 📺上海频道, 📺辽宁频道, 📺甘肃频道, 📡其他地方, 🇰🇷韩国频道, 🇯🇵日本频道, 🇺🇸美国频道, 🗽国外频道, 📺中国风景, 🎬视剧轮播, 🔥经典轮播, 📽直播频道, 🎬综艺频道, 🍁短剧系列, 🎬追电视剧, 🎬电影合集, 💃广场舞频, 🎭戏曲频道, 👨‍👩‍👦‍👦经典小品, 🐬少儿动漫, 🥇体育频道, 🎮游戏频道, 💥历年春晚, 📻广播电台, 🎸演唱会场, 🎼 音乐MV, 🎸DJ舞曲, 🎵MP3合集, 🌸女团频道, 🌸攒劲节目
2026-04-06 19:08:45,514 - INFO - url: https://raw.githubusercontent.com/develop202/migu_video/main/interface.txt 成功，判断为m3u格式
2026-04-06 19:08:45,515 - INFO - url: https://raw.githubusercontent.com/develop202/migu_video/main/interface.txt 成功，包含频道分类: 央视频道, 卫视频道, 广东地区, 湖南地区, 浙江地区, 江苏地区, 黑龙江地区, 江西地区, 陕西地区, 云南地区, 福建地区, 河南地区, 甘肃地区, 超清频道
2026-04-06 19:08:48,943 - INFO - url: https://www.iyouhun.com/tv/myIPTV/ipv6.m3u 成功，判断为m3u格式
2026-04-06 19:08:48,945 - INFO - url: https://www.iyouhun.com/tv/myIPTV/ipv6.m3u 成功，包含频道分类: 央视频道, 备用频道, 卫视频道, 央卫备用, 数字频道, 港澳台频道, 港澳台AKTV, 动画频道, IHOT频道, NewTV频道, 百事通, 咪咕直播, 电影频道, 电视剧频道, 埋堆堆频道, 点播电影, 北京频道, 地方频道, 春晚频道, 国际频道
2026-04-06 19:08:52,221 - INFO - url: https://www.iyouhun.com/tv/myIPTV/ipv4.m3u 成功，判断为m3u格式
2026-04-06 19:08:52,224 - INFO - url: https://www.iyouhun.com/tv/myIPTV/ipv4.m3u 成功，包含频道分类: 4K频道, 央视频道, 央视高清, 咪咕央视, 卫视频道, 备用频道, 移动IPTV, 数字频道, APTV专享, APTV专享" catchup="append" catchup-source="?playseek=${(b)yyyyMMddHHmmss}-${(e)yyyyMMddHHmmss}, APTV专享" tvg-logo="https://gcore.jsdelivr.net/gh/taksssss/tv/icon/北京纪实科教.png, 港澳代理, 港澳台频道, IHOT频道, NewTV频道, 咪咕赛事, 动画频道, 虎牙影视, 斗鱼影视, 电视剧频道, 埋堆堆频道, 点播电影, ☘️北京频道, ☘️上海频道, ☘️浙江频道, ☘️湖南频道, ☘️四川频道, ☘️辽宁频道, ☘️广东频道, ☘️江苏频道, ☘️河南频道, ☘️河北频道, ☘️陕西频道, ☘️安徽频道, ☘️湖北频道, ☘️福建频道, ☘️海南频道, ☘️黑龙江频道, ☘️内蒙古频道, 地方频道, 春晚频道, 国际频道
2026-04-06 19:08:53,230 - ERROR - url: http://live.nctv.top/x.txt 失败❌, Error: 404 Client Error: Not Found for url: http://live.nctv.top/x.txt
2026-04-06 19:08:54,492 - INFO - url: https://live.izbds.com/tv/iptv4.txt 成功，判断为txt格式
2026-04-06 19:08:54,498 - INFO - url: https://live.izbds.com/tv/iptv4.txt 成功，包含频道分类: 央视频道, 卫视频道, 电影频道, 数字频道, 儿童频道, 特色直播, 地方频道, 纪录频道, 体育频道, 解说频道, 音乐频道, 春晚频道, 直播中国, 更新时间
2026-04-06 19:08:57,090 - INFO - url: https://l.gmbbk.com/upload/39183918.txt 成功，判断为txt格式
2026-04-06 19:08:57,094 - INFO - url: https://l.gmbbk.com/upload/39183918.txt 成功，包含频道分类: ﻿🇨🇳央视频道, 体育, 🇨🇳卫视频道, 💐地方频道, 央卫高码, 央卫频道, 央视, 卫视, 4K测试, 春晚#genre#, 2026元宵节快乐#genre#, 🔮[三网]港澳台直播, 西游记I, 西游记续集, 新白娘子传奇, 三国演义, 红楼梦, 水浒传, 🎞️电影点播
2026-04-06 19:09:02,292 - INFO - url: http://rihou.cc:555/gggg.nzk 成功，判断为txt格式
2026-04-06 19:09:02,301 - INFO - url: http://rihou.cc:555/gggg.nzk 成功，包含频道分类: 猫TV影视, WCBA评, CBA赛评, NBA赛评, 赛事精锦, 赛事咪咕, 央卫咪咕, 特新Pdtv, 欣赏频道, 网页音乐, 欣赏音乐, 闽南频测, 特区Mttv, 特马SXtv, 特闽Hktv, 特闽FYtv, 闽南4Gtv, 闽南回放, 特闽频晴, 央卫高码, 央卫频特, 特区频特, 闽南频特, 抖音网页, 荔枝网页, 虎牙频道, 爱奇频道, 特区地波, 广州电信, 童年频道, 亮剑全集, 雪豹全集, 凡人修仙, 华山论剑, Q-三国粤, 大时代粤, 流星花园, 还珠格格, 甄嬛传国, 大地恩情, 粤经典剧, 射雕英雄, 神雕侠侣, 视觉效果, 体育频特, 电影频特, 纪录频特, 新闻频特, 儿童频特, 新加频特, 马来频特, 印尼频特, 印度频特, 泰国频特, 英国频特, 越南频特, 韩国频特, 日本频特, 香港测试, 台湾测试
2026-04-06 19:09:03,291 - INFO - url: http://1.94.31.214/live/livelite.txt 成功，判断为txt格式
2026-04-06 19:09:03,299 - INFO - url: http://1.94.31.214/live/livelite.txt 成功，包含频道分类: 央卫秒开, NewTV, 🏀SPORTS⚽️, 咪咕体育|移动, 咪咕体育v6, 虎牙轮播, 斗鱼轮播, YY轮播, 游戏直播, 佛光普照, 上海, 浙江, 江苏, 北京, 湖南, 广东, 河南, 山西, 山东, 安徽, 福建, 湖北, 云南, 江西, 四川, 天津, 河北, 黑龙江, 吉林, 辽宁, 海南, 重庆, 陕西, 甘肃, 广西, 贵州, 内蒙古, 宁夏, 青海, 新疆, 西藏
2026-04-06 19:09:04,555 - ERROR - url: http://api.mytv666.top/lives/free.php?type=txt 失败❌, Error: 404 Client Error: Not Found for url: http://api.mytv666.top/lives/free.php?type=txt
2026-04-06 19:09:04,823 - ERROR - url: http://zhibo.feylen.top/fltv/js/ku9live.php?tpye=fl.txt 失败❌, Error: HTTPConnectionPool(host='zhibo.feylen.top', port=80): Max retries exceeded with url: /fltv/js/ku9live.php?tpye=fl.txt (Caused by NameResolutionError("HTTPConnection(host='zhibo.feylen.top', port=80): Failed to resolve 'zhibo.feylen.top' ([Errno -2] Name or service not known)"))
2026-04-06 19:11:17,538 - ERROR - url: http://92.112.21.169:30000/mytv.m3u 失败❌, Error: HTTPConnectionPool(host='92.112.21.169', port=30000): Max retries exceeded with url: /mytv.m3u (Caused by ConnectTimeoutError(<HTTPConnection(host='92.112.21.169', port=30000) at 0x7f968e42af50>, 'Connection to 92.112.21.169 timed out. (connect timeout=None)'))
2026-04-06 19:11:18,193 - ERROR - url: http://lisha521.dynv6.net.fh4u.org/tv.txt 失败❌, Error: ('Connection aborted.', RemoteDisconnected('Remote end closed connection without response'))
2026-04-06 19:11:19,493 - ERROR - url: https://web.banye.tech:7777/tv/hlj.txt 失败❌, Error: 404 Client Error: Not Found for url: https://web.banye.tech:7777/tv/hlj.txt
2026-04-06 19:11:19,716 - INFO - url: https://iptv.catvod.com/tv.m3u 成功，判断为m3u格式
2026-04-06 19:11:19,716 - INFO - url: https://iptv.catvod.com/tv.m3u 成功，包含频道分类: 公告, 央视, 卫视, 咪视
2026-04-06 19:11:19,791 - INFO - url: https://live.zbds.top/tv/iptv4.txt 成功，判断为txt格式
2026-04-06 19:11:19,796 - INFO - url: https://live.zbds.top/tv/iptv4.txt 成功，包含频道分类: 央视频道, 卫视频道, 电影频道, 数字频道, 儿童频道, 特色直播, 地方频道, 纪录频道, 体育频道, 解说频道, 音乐频道, 春晚频道, 直播中国, 更新时间
2026-04-06 19:11:36,719 - INFO - url: https://gitee.com/xxy002/zhiboyuan/raw/master/dsy 成功，判断为txt格式
2026-04-06 19:11:36,720 - INFO - url: https://gitee.com/xxy002/zhiboyuan/raw/master/dsy 成功，包含频道分类: 央视频道, 卫视频道, 港澳台
